<?xml version="1.0" encoding="UTF-8"?>
<testsuite name="com.example.demo.test.LowercaseMonthDateFormatterTest" tests="2" skipped="0" failures="0" errors="0" timestamp="2024-06-15T06:33:18" hostname="LAPTOP-TA76DARU" time="0.003">
  <properties/>
  <testcase name="testParse()" classname="com.example.demo.test.LowercaseMonthDateFormatterTest" time="0.001"/>
  <testcase name="testPrint()" classname="com.example.demo.test.LowercaseMonthDateFormatterTest" time="0.001"/>
  <system-out><![CDATA[]]></system-out>
  <system-err><![CDATA[]]></system-err>
</testsuite>
